This is e-upTeX, Version 3.141592653-p3.9.0-u1.27-210218-2.6 (utf8.uptex) (TeX Live 2021) (preloaded format=uplatex 2021.4.20)  11 MAY 2021 21:58
entering extended mode
 \write18 enabled.
 file:line:error style messages enabled.
 %&-line parsing enabled.
**sample7.tex
(./sample7.tex
pLaTeX2e <2020-10-01u04>+2 (based on LaTeX2e <2020-10-01> patch level 4)
L3 programming layer <2021-02-18>
(/Applications/TeXLive/texlive/2021/texmf-dist/tex/platex/jsclasses/jsarticle.c
ls
Document Class: jsarticle 2020/10/09 jsclasses (okumura, texjporg)
Class jsarticle Info: Autodetected engine: upLaTeX on input line 215.
\jsc@mpt=\dimen154
\jsc@mmm=\dimen155
\jsc@smallskipamount=\skip47
LaTeX Info: Redefining \textmc on input line 497.
LaTeX Info: Redefining \textgt on input line 499.
\symmincho=\mathgroup4
LaTeX Font Info:    Overwriting symbol font `mincho' in version `bold'
(Font)                  JY2/mc/m/n --> JY2/gt/m/n on input line 561.
LaTeX Font Info:    Font shape `JT2/mc/m/n' will be
(Font)              scaled to size 9.24683pt on input line 755.
LaTeX Font Info:    Font shape `JY2/mc/m/n' will be
(Font)              scaled to size 9.24683pt on input line 755.
\fullwidth=\dimen156
LaTeX Font Info:    Font shape `JT2/mc/m/n' will be
(Font)              scaled to size 7.39746pt on input line 908.
LaTeX Font Info:    Font shape `JY2/mc/m/n' will be
(Font)              scaled to size 7.39746pt on input line 908.
\c@part=\count178
\c@section=\count179
\c@subsection=\count180
\c@subsubsection=\count181
\c@paragraph=\count182
\c@subparagraph=\count183
\@abstractbox=\box64
\c@figure=\count184
\c@table=\count185
\abovecaptionskip=\skip48
\belowcaptionskip=\skip49
\jsc@tocl@width=\dimen157
\@lnumwidth=\dimen158
\bibindent=\dimen159
(/Applications/TeXLive/texlive/2021/texmf-dist/tex/platex/jsclasses/jslogo.sty
Package: jslogo 2019/07/25 okumura, texjporg
LaTeX Info: Redefining \TeX on input line 82.
LaTeX Info: Redefining \LaTeX on input line 135.
LaTeX Info: Redefining \LaTeXe on input line 188.
)
\heisei=\count186
)
(/Applications/TeXLive/texlive/2021/texmf-dist/tex/latex/l3backend/l3backend-dv
ips.def
File: l3backend-dvips.def 2021-03-18 L3 backend support: dvips
\l__pdf_internal_box=\box65
\g__pdf_backend_object_int=\count187
\l__pdf_backend_content_box=\box66
\l__pdf_backend_model_box=\box67
\g__pdf_backend_annotation_int=\count188
\g__pdf_backend_link_int=\count189
\g__pdf_backend_link_sf_int=\count190
) (./sample7.aux)
\openout1 = `sample7.aux'.

LaTeX Font Info:    Checking defaults for OML/cmm/m/it on input line 2.
LaTeX Font Info:    ... okay on input line 2.
LaTeX Font Info:    Checking defaults for OMS/cmsy/m/n on input line 2.
LaTeX Font Info:    ... okay on input line 2.
LaTeX Font Info:    Checking defaults for OT1/cmr/m/n on input line 2.
LaTeX Font Info:    ... okay on input line 2.
LaTeX Font Info:    Checking defaults for T1/cmr/m/n on input line 2.
LaTeX Font Info:    ... okay on input line 2.
LaTeX Font Info:    Checking defaults for TS1/cmr/m/n on input line 2.
LaTeX Font Info:    ... okay on input line 2.
LaTeX Font Info:    Checking defaults for OMX/cmex/m/n on input line 2.
LaTeX Font Info:    ... okay on input line 2.
LaTeX Font Info:    Checking defaults for U/cmr/m/n on input line 2.
LaTeX Font Info:    ... okay on input line 2.
LaTeX Font Info:    Checking defaults for JY2/mc/m/n on input line 2.
LaTeX Font Info:    ... okay on input line 2.
LaTeX Font Info:    Checking defaults for JT2/mc/m/n on input line 2.
LaTeX Font Info:    ... okay on input line 2.
 [1

] (./sample7.aux) ) 
Here is how much of TeX's memory you used:
 606 strings out of 479460
 9654 string characters out of 5865976
 301757 words of memory out of 5000000
 18379 multiletter control sequences out of 15000+600000
 406944 words of font info for 50 fonts, out of 8000000 for 9000
 934 hyphenation exceptions out of 8191
 54i,4n,60p,159b,169s stack positions out of 5000i,500n,10000p,200000b,80000s

Output written on sample7.dvi (1 page, 296 bytes).
